# JRE version: Java(TM) SE Runtime Environment (8.0_271-b09) (build 1.8.0_271-b09)
# Java VM: Java HotSpot(TM) 64-Bit Server VM (25.271-b09 mixed mode windows-amd64 compressed oops)
Heap:
 PSYoungGen      total 655360K, used 285603K [0x00000000d5580000, 0x0000000100000000, 0x0000000100000000)
  eden space 611840K, 42% used [0x00000000d5580000,0x00000000e5312620,0x00000000fab00000)
  from space 43520K, 59% used [0x00000000fd580000,0x00000000feed6910,0x0000000100000000)
  to   space 43520K, 0% used [0x00000000fab00000,0x00000000fab00000,0x00000000fd580000)
 ParOldGen       total 343552K, used 203797K [0x0000000080000000, 0x0000000094f80000, 0x00000000d5580000)
  object space 343552K, 59% used [0x0000000080000000,0x000000008c7055c8,0x0000000094f80000)
 Metaspace       used 144877K, capacity 152317K, committed 152728K, reserved 1181696K
  class space    used 19126K, capacity 20531K, committed 20648K, reserved 1048576K
GC Heap History (10 events):
Event: 114.029 GC heap before
{Heap before GC invocations=28 (full 4):
 PSYoungGen      total 585728K, used 548069K [0x00000000d5580000, 0x00000000ffe80000, 0x0000000100000000)
  eden space 537088K, 100% used [0x00000000d5580000,0x00000000f6200000,0x00000000f6200000)
  from space 48640K, 22% used [0x00000000f6200000,0x00000000f6cb95e8,0x00000000f9180000)
  to   space 47616K, 0% used [0x00000000fd000000,0x00000000fd000000,0x00000000ffe80000)
 ParOldGen       total 343552K, used 169683K [0x0000000080000000, 0x0000000094f80000, 0x00000000d5580000)
  object space 343552K, 49% used [0x0000000080000000,0x000000008a5b4ee8,0x0000000094f80000)
 Metaspace       used 101030K, capacity 106902K, committed 107160K, reserved 1142784K
  class space    used 13686K, capacity 14740K, committed 14760K, reserved 1048576K
Event: 114.044 GC heap after
Heap after GC invocations=28 (full 4):
 PSYoungGen      total 647680K, used 12707K [0x00000000d5580000, 0x00000000ffc00000, 0x0000000100000000)
  eden space 602624K, 0% used [0x00000000d5580000,0x00000000d5580000,0x00000000fa200000)
  from space 45056K, 28% used [0x00000000fd000000,0x00000000fdc68e30,0x00000000ffc00000)
  to   space 46080K, 0% used [0x00000000fa200000,0x00000000fa200000,0x00000000fcf00000)
 ParOldGen       total 343552K, used 178878K [0x0000000080000000, 0x0000000094f80000, 0x00000000d5580000)
  object space 343552K, 52% used [0x0000000080000000,0x000000008aeaf8f8,0x0000000094f80000)
 Metaspace       used 101030K, capacity 106902K, committed 107160K, reserved 1142784K
  class space    used 13686K, capacity 14740K, committed 14760K, reserved 1048576K
}
Event: 115.106 GC heap before
{Heap before GC invocations=29 (full 4):
 PSYoungGen      total 647680K, used 615331K [0x00000000d5580000, 0x00000000ffc00000, 0x0000000100000000)
  eden space 602624K, 100% used [0x00000000d5580000,0x00000000fa200000,0x00000000fa200000)
  from space 45056K, 28% used [0x00000000fd000000,0x00000000fdc68e30,0x00000000ffc00000)
  to   space 46080K, 0% used [0x00000000fa200000,0x00000000fa200000,0x00000000fcf00000)
 ParOldGen       total 343552K, used 178878K [0x0000000080000000, 0x0000000094f80000, 0x00000000d5580000)
  object space 343552K, 52% used [0x0000000080000000,0x000000008aeaf8f8,0x0000000094f80000)
 Metaspace       used 101093K, capacity 106974K, committed 107160K, reserved 1142784K
  class space    used 13687K, capacity 14740K, committed 14760K, reserved 1048576K
Event: 115.124 GC heap after
Heap after GC invocations=29 (full 4):
 PSYoungGen      total 648704K, used 13486K [0x00000000d5580000, 0x00000000ffe00000, 0x0000000100000000)
  eden space 602624K, 0% used [0x00000000d5580000,0x00000000d5580000,0x00000000fa200000)
  from space 46080K, 29% used [0x00000000fa200000,0x00000000faf2b898,0x00000000fcf00000)
  to   space 44544K, 0% used [0x00000000fd280000,0x00000000fd280000,0x00000000ffe00000)
 ParOldGen       total 343552K, used 186352K [0x0000000080000000, 0x0000000094f80000, 0x00000000d5580000)
  object space 343552K, 54% used [0x0000000080000000,0x000000008b5fc1f8,0x0000000094f80000)
 Metaspace       used 101093K, capacity 106974K, committed 107160K, reserved 1142784K
  class space    used 13687K, capacity 14740K, committed 14760K, reserved 1048576K
}
Event: 116.145 GC heap before
{Heap before GC invocations=30 (full 4):
 PSYoungGen      total 648704K, used 616110K [0x00000000d5580000, 0x00000000ffe00000, 0x0000000100000000)
  eden space 602624K, 100% used [0x00000000d5580000,0x00000000fa200000,0x00000000fa200000)
  from space 46080K, 29% used [0x00000000fa200000,0x00000000faf2b898,0x00000000fcf00000)
  to   space 44544K, 0% used [0x00000000fd280000,0x00000000fd280000,0x00000000ffe00000)
 ParOldGen       total 343552K, used 186352K [0x0000000080000000, 0x0000000094f80000, 0x00000000d5580000)
  object space 343552K, 54% used [0x0000000080000000,0x000000008b5fc1f8,0x0000000094f80000)
 Metaspace       used 101171K, capacity 107064K, committed 107160K, reserved 1142784K
  class space    used 13688K, capacity 14741K, committed 14760K, reserved 1048576K
Event: 116.172 GC heap after
Heap after GC invocations=30 (full 4):
 PSYoungGen      total 651264K, used 22290K [0x00000000d5580000, 0x00000000ffc80000, 0x0000000100000000)
  eden space 608256K, 0% used [0x00000000d5580000,0x00000000d5580000,0x00000000fa780000)
  from space 43008K, 51% used [0x00000000fd280000,0x00000000fe844a08,0x00000000ffc80000)
  to   space 43520K, 0% used [0x00000000fa780000,0x00000000fa780000,0x00000000fd200000)
 ParOldGen       total 343552K, used 197240K [0x0000000080000000, 0x0000000094f80000, 0x00000000d5580000)
  object space 343552K, 57% used [0x0000000080000000,0x000000008c09e2c8,0x0000000094f80000)
 Metaspace       used 101171K, capacity 107064K, committed 107160K, reserved 1142784K
  class space    used 13688K, capacity 14741K, committed 14760K, reserved 1048576K
}
Event: 119.254 GC heap before
{Heap before GC invocations=31 (full 4):
 PSYoungGen      total 651264K, used 630546K [0x00000000d5580000, 0x00000000ffc80000, 0x0000000100000000)
  eden space 608256K, 100% used [0x00000000d5580000,0x00000000fa780000,0x00000000fa780000)
  from space 43008K, 51% used [0x00000000fd280000,0x00000000fe844a08,0x00000000ffc80000)
  to   space 43520K, 0% used [0x00000000fa780000,0x00000000fa780000,0x00000000fd200000)
 ParOldGen       total 343552K, used 197240K [0x0000000080000000, 0x0000000094f80000, 0x00000000d5580000)
  object space 343552K, 57% used [0x0000000080000000,0x000000008c09e2c8,0x0000000094f80000)
 Metaspace       used 103401K, capacity 109524K, committed 109848K, reserved 1144832K
  class space    used 13919K, capacity 15025K, committed 15144K, reserved 1048576K
Event: 119.271 GC heap after
Heap after GC invocations=31 (full 4):
 PSYoungGen      total 651776K, used 26337K [0x00000000d5580000, 0x0000000100000000, 0x0000000100000000)
  eden space 608256K, 0% used [0x00000000d5580000,0x00000000d5580000,0x00000000fa780000)
  from space 43520K, 60% used [0x00000000fa780000,0x00000000fc138520,0x00000000fd200000)
  to   space 43520K, 0% used [0x00000000fd580000,0x00000000fd580000,0x0000000100000000)
 ParOldGen       total 343552K, used 200164K [0x0000000080000000, 0x0000000094f80000, 0x00000000d5580000)
  object space 343552K, 58% used [0x0000000080000000,0x000000008c379240,0x0000000094f80000)
 Metaspace       used 103401K, capacity 109524K, committed 109848K, reserved 1144832K
  class space    used 13919K, capacity 15025K, committed 15144K, reserved 1048576K
}
Event: 138.425 GC heap before
{Heap before GC invocations=32 (full 4):
 PSYoungGen      total 651776K, used 634593K [0x00000000d5580000, 0x0000000100000000, 0x0000000100000000)
  eden space 608256K, 100% used [0x00000000d5580000,0x00000000fa780000,0x00000000fa780000)
  from space 43520K, 60% used [0x00000000fa780000,0x00000000fc138520,0x00000000fd200000)
  to   space 43520K, 0% used [0x00000000fd580000,0x00000000fd580000,0x0000000100000000)
 ParOldGen       total 343552K, used 200164K [0x0000000080000000, 0x0000000094f80000, 0x00000000d5580000)
  object space 343552K, 58% used [0x0000000080000000,0x000000008c379240,0x0000000094f80000)
 Metaspace       used 112515K, capacity 119422K, committed 119576K, reserved 1153024K
  class space    used 14877K, capacity 16138K, committed 16168K, reserved 1048576K
Event: 138.439 GC heap after
Heap after GC invocations=32 (full 4):
 PSYoungGen      total 655360K, used 25946K [0x00000000d5580000, 0x0000000100000000, 0x0000000100000000)
  eden space 611840K, 0% used [0x00000000d5580000,0x00000000d5580000,0x00000000fab00000)
  from space 43520K, 59% used [0x00000000fd580000,0x00000000feed6910,0x0000000100000000)
  to   space 43520K, 0% used [0x00000000fab00000,0x00000000fab00000,0x00000000fd580000)
 ParOldGen       total 343552K, used 203797K [0x0000000080000000, 0x0000000094f80000, 0x00000000d5580000)
  object space 343552K, 59% used [0x0000000080000000,0x000000008c7055c8,0x0000000094f80000)
 Metaspace       used 112515K, capacity 119422K, committed 119576K, reserved 1153024K
  class space    used 14877K, capacity 16138K, committed 16168K, reserved 1048576K
}

