# JRE version: Java(TM) SE Runtime Environment (8.0_271-b09) (build 1.8.0_271-b09)
# Java VM: Java HotSpot(TM) 64-Bit Server VM (25.271-b09 mixed mode windows-amd64 compressed oops)
Heap:
 PSYoungGen      total 622080K, used 184140K [0x00000000d5580000, 0x0000000100000000, 0x0000000100000000)
  eden space 553472K, 26% used [0x00000000d5580000,0x00000000de630820,0x00000000f7200000)
  from space 68608K, 52% used [0x00000000fbd00000,0x00000000fe022970,0x0000000100000000)
  to   space 72704K, 0% used [0x00000000f7200000,0x00000000f7200000,0x00000000fb900000)
 ParOldGen       total 433152K, used 138310K [0x0000000080000000, 0x000000009a700000, 0x00000000d5580000)
  object space 433152K, 31% used [0x0000000080000000,0x0000000088711bf8,0x000000009a700000)
 Metaspace       used 158181K, capacity 165072K, committed 166784K, reserved 1193984K
  class space    used 20437K, capacity 21714K, committed 22144K, reserved 1048576K
GC Heap History (10 events):
Event: 3613.688 GC heap before
{Heap before GC invocations=39 (full 4):
 PSYoungGen      total 632832K, used 582504K [0x00000000d5580000, 0x00000000ffe80000, 0x0000000100000000)
  eden space 567808K, 100% used [0x00000000d5580000,0x00000000f8000000,0x00000000f8000000)
  from space 65024K, 22% used [0x00000000fbf00000,0x00000000fcd5a1d0,0x00000000ffe80000)
  to   space 64512K, 0% used [0x00000000f8000000,0x00000000f8000000,0x00000000fbf00000)
 ParOldGen       total 323072K, used 112027K [0x0000000080000000, 0x0000000093b80000, 0x00000000d5580000)
  object space 323072K, 34% used [0x0000000080000000,0x0000000086d66de0,0x0000000093b80000)
 Metaspace       used 118820K, capacity 125301K, committed 125440K, reserved 1157120K
  class space    used 15568K, capacity 16774K, committed 16896K, reserved 1048576K
Event: 3613.708 GC heap after
Heap after GC invocations=39 (full 4):
 PSYoungGen      total 590336K, used 22236K [0x00000000d5580000, 0x00000000ff880000, 0x0000000100000000)
  eden space 567808K, 0% used [0x00000000d5580000,0x00000000d5580000,0x00000000f8000000)
  from space 22528K, 98% used [0x00000000f8000000,0x00000000f95b7178,0x00000000f9600000)
  to   space 60928K, 0% used [0x00000000fbd00000,0x00000000fbd00000,0x00000000ff880000)
 ParOldGen       total 323072K, used 117702K [0x0000000080000000, 0x0000000093b80000, 0x00000000d5580000)
  object space 323072K, 36% used [0x0000000080000000,0x00000000872f1808,0x0000000093b80000)
 Metaspace       used 118820K, capacity 125301K, committed 125440K, reserved 1157120K
  class space    used 15568K, capacity 16774K, committed 16896K, reserved 1048576K
}
Event: 4561.730 GC heap before
{Heap before GC invocations=40 (full 4):
 PSYoungGen      total 590336K, used 590044K [0x00000000d5580000, 0x00000000ff880000, 0x0000000100000000)
  eden space 567808K, 100% used [0x00000000d5580000,0x00000000f8000000,0x00000000f8000000)
  from space 22528K, 98% used [0x00000000f8000000,0x00000000f95b7178,0x00000000f9600000)
  to   space 60928K, 0% used [0x00000000fbd00000,0x00000000fbd00000,0x00000000ff880000)
 ParOldGen       total 323072K, used 117702K [0x0000000080000000, 0x0000000093b80000, 0x00000000d5580000)
  object space 323072K, 36% used [0x0000000080000000,0x00000000872f1808,0x0000000093b80000)
 Metaspace       used 119691K, capacity 126393K, committed 126592K, reserved 1159168K
  class space    used 15637K, capacity 16850K, committed 17024K, reserved 1048576K
Event: 4561.760 GC heap after
Heap after GC invocations=40 (full 4):
 PSYoungGen      total 632832K, used 18142K [0x00000000d5580000, 0x0000000100000000, 0x0000000100000000)
  eden space 571904K, 0% used [0x00000000d5580000,0x00000000d5580000,0x00000000f8400000)
  from space 60928K, 29% used [0x00000000fbd00000,0x00000000fceb7850,0x00000000ff880000)
  to   space 58368K, 0% used [0x00000000f8400000,0x00000000f8400000,0x00000000fbd00000)
 ParOldGen       total 323072K, used 125115K [0x0000000080000000, 0x0000000093b80000, 0x00000000d5580000)
  object space 323072K, 38% used [0x0000000080000000,0x0000000087a2eca0,0x0000000093b80000)
 Metaspace       used 119691K, capacity 126393K, committed 126592K, reserved 1159168K
  class space    used 15637K, capacity 16850K, committed 17024K, reserved 1048576K
}
Event: 4567.079 GC heap before
{Heap before GC invocations=41 (full 4):
 PSYoungGen      total 632832K, used 333923K [0x00000000d5580000, 0x0000000100000000, 0x0000000100000000)
  eden space 571904K, 55% used [0x00000000d5580000,0x00000000e89e1560,0x00000000f8400000)
  from space 60928K, 29% used [0x00000000fbd00000,0x00000000fceb7850,0x00000000ff880000)
  to   space 58368K, 0% used [0x00000000f8400000,0x00000000f8400000,0x00000000fbd00000)
 ParOldGen       total 323072K, used 125115K [0x0000000080000000, 0x0000000093b80000, 0x00000000d5580000)
  object space 323072K, 38% used [0x0000000080000000,0x0000000087a2eca0,0x0000000093b80000)
 Metaspace       used 156424K, capacity 164018K, committed 164224K, reserved 1191936K
  class space    used 20390K, capacity 21797K, committed 21888K, reserved 1048576K
Event: 4567.121 GC heap after
Heap after GC invocations=41 (full 4):
 PSYoungGen      total 630272K, used 58364K [0x00000000d5580000, 0x0000000100000000, 0x0000000100000000)
  eden space 571904K, 0% used [0x00000000d5580000,0x00000000d5580000,0x00000000f8400000)
  from space 58368K, 99% used [0x00000000f8400000,0x00000000fbcff028,0x00000000fbd00000)
  to   space 68608K, 0% used [0x00000000fbd00000,0x00000000fbd00000,0x0000000100000000)
 ParOldGen       total 323072K, used 143686K [0x0000000080000000, 0x0000000093b80000, 0x00000000d5580000)
  object space 323072K, 44% used [0x0000000080000000,0x0000000088c51af0,0x0000000093b80000)
 Metaspace       used 156424K, capacity 164018K, committed 164224K, reserved 1191936K
  class space    used 20390K, capacity 21797K, committed 21888K, reserved 1048576K
}
Event: 4567.121 GC heap before
{Heap before GC invocations=42 (full 5):
 PSYoungGen      total 630272K, used 58364K [0x00000000d5580000, 0x0000000100000000, 0x0000000100000000)
  eden space 571904K, 0% used [0x00000000d5580000,0x00000000d5580000,0x00000000f8400000)
  from space 58368K, 99% used [0x00000000f8400000,0x00000000fbcff028,0x00000000fbd00000)
  to   space 68608K, 0% used [0x00000000fbd00000,0x00000000fbd00000,0x0000000100000000)
 ParOldGen       total 323072K, used 143686K [0x0000000080000000, 0x0000000093b80000, 0x00000000d5580000)
  object space 323072K, 44% used [0x0000000080000000,0x0000000088c51af0,0x0000000093b80000)
 Metaspace       used 156424K, capacity 164018K, committed 164224K, reserved 1191936K
  class space    used 20390K, capacity 21797K, committed 21888K, reserved 1048576K
Event: 4567.446 GC heap after
Heap after GC invocations=42 (full 5):
 PSYoungGen      total 630272K, used 0K [0x00000000d5580000, 0x0000000100000000, 0x0000000100000000)
  eden space 571904K, 0% used [0x00000000d5580000,0x00000000d5580000,0x00000000f8400000)
  from space 58368K, 0% used [0x00000000f8400000,0x00000000f8400000,0x00000000fbd00000)
  to   space 68608K, 0% used [0x00000000fbd00000,0x00000000fbd00000,0x0000000100000000)
 ParOldGen       total 433152K, used 138302K [0x0000000080000000, 0x000000009a700000, 0x00000000d5580000)
  object space 433152K, 31% used [0x0000000080000000,0x000000008870fbf8,0x000000009a700000)
 Metaspace       used 155627K, capacity 162228K, committed 164224K, reserved 1191936K
  class space    used 20151K, capacity 21367K, committed 21888K, reserved 1048576K
}
Event: 4587.015 GC heap before
{Heap before GC invocations=43 (full 5):
 PSYoungGen      total 630272K, used 571904K [0x00000000d5580000, 0x0000000100000000, 0x0000000100000000)
  eden space 571904K, 100% used [0x00000000d5580000,0x00000000f8400000,0x00000000f8400000)
  from space 58368K, 0% used [0x00000000f8400000,0x00000000f8400000,0x00000000fbd00000)
  to   space 68608K, 0% used [0x00000000fbd00000,0x00000000fbd00000,0x0000000100000000)
 ParOldGen       total 433152K, used 138302K [0x0000000080000000, 0x000000009a700000, 0x00000000d5580000)
  object space 433152K, 31% used [0x0000000080000000,0x000000008870fbf8,0x000000009a700000)
 Metaspace       used 158146K, capacity 165052K, committed 166784K, reserved 1193984K
  class space    used 20430K, capacity 21708K, committed 22144K, reserved 1048576K
Event: 4587.040 GC heap after
Heap after GC invocations=43 (full 5):
 PSYoungGen      total 622080K, used 35978K [0x00000000d5580000, 0x0000000100000000, 0x0000000100000000)
  eden space 553472K, 0% used [0x00000000d5580000,0x00000000d5580000,0x00000000f7200000)
  from space 68608K, 52% used [0x00000000fbd00000,0x00000000fe022970,0x0000000100000000)
  to   space 72704K, 0% used [0x00000000f7200000,0x00000000f7200000,0x00000000fb900000)
 ParOldGen       total 433152K, used 138310K [0x0000000080000000, 0x000000009a700000, 0x00000000d5580000)
  object space 433152K, 31% used [0x0000000080000000,0x0000000088711bf8,0x000000009a700000)
 Metaspace       used 158146K, capacity 165052K, committed 166784K, reserved 1193984K
  class space    used 20430K, capacity 21708K, committed 22144K, reserved 1048576K
}

